<?xml version="1.0"?>
<psalm
    xmlns:xsi="http://www.w3.org/2001/XMLSchema-instance"
    xmlns="https://getpsalm.org/schema/config"
    xsi:schemaLocation="https://getpsalm.org/schema/config file:///../../../src/vendor/vimeo/psalm/config.xsd"
    autoloader="tests/lib/bootstrap.php"
    resolveFromConfigFile="false"
    errorBaseline="./tests/psalm/tuleap-baseline.xml"
    allowNamedArgumentCalls="false"
    findUnusedBaselineEntry="false"
    findUnusedCode="false"
>
    <projectFiles>
        <directory name="src/common/" />
        <directory name="src/www/" />
        <directory name="src/utils/" />
        <directory name="src/tuleap-cfg/" />
        <directory name="plugins/*/include/" />
        <directory name="plugins/*/tests/unit/" />
        <directory name="plugins/onlyoffice/tests/integration/" />
        <directory name="plugins/git/tests/unit/REST/" />
        <directory name="plugins/tracker/tests/unit/Builders" />
        <directory name="plugins/*/bin/" />
        <directory name="tests/lib/Stubs/" />
        <directory name="tests/phpcs/TuleapCodingStandard/" />
        <directory name="tests/unit/Tuleap/" />
        <directory name="tests/unit/common/NeverThrow/" />
        <directory name="tests/unit/common/Option/" />
        <directory name="tests/unit/common/Project/Registration/" />
        <directory name="tests/unit/common/xml/" />
        <directory name="tests/unit/common/WebAuthn" />
        <directory name="tests/integration/tests/SVNCore/" />
        <directory name="tests/integration/tests/InviteBuddy/" />
        <directory name="tests/integration/tests/WebAuthn" />
      <ignoreFiles>
            <directory name="tests/unit/Tuleap/Tools"/>
            <directory name="src/common/wiki/phpwiki/"/>
            <directory name="src/themes/FlamingParrot/vendor/"/>
            <directory name="src/themes/BurningParrot/vendor/"/>
            <directory name="src/embedded_vendor/jpgraph/"/>
            <directory name="plugins/agiledashboard/tests/unit/"/>
            <directory name="plugins/kanban/tests/unit/"/>
            <directory name="plugins/baseline/tests/unit/"/>
            <directory name="plugins/cardwall/tests/unit/"/>
            <directory name="plugins/crosstracker/tests/unit/"/>
            <directory name="plugins/docman/tests/unit/"/>
            <directory name="plugins/git/tests/unit/"/>
            <directory name="plugins/hudson/tests/unit/"/>
            <directory name="plugins/mediawiki/tests/unit/"/>
            <directory name="plugins/projectmilestones/tests/unit/"/>
            <directory name="plugins/pullrequest/tests/unit/"/>
            <directory name="plugins/svn/tests/unit/"/>
            <directory name="plugins/testmanagement/tests/unit/"/>
            <directory name="plugins/tracker/tests/unit/"/>
            <file name="plugins/openidconnectclient/tests/unit/Authentication/IDTokenVerifierTest.php"/>
        </ignoreFiles>
    </projectFiles>

    <taintAnalysis>
        <ignoreFiles>
            <directory name="src/www/tracker/"/>
            <directory name="src/common/tracker/"/>
            <directory name="tests/"/>
            <directory name="plugins/*/tests/"/>
        </ignoreFiles>
    </taintAnalysis>

    <stubs>
        <file name="tests/psalm/stubs/Psr/EventDispatcher/EventDispatcherInterface.phpstub"/>
        <file name="tests/psalm/stubs/ParagonIE/EasyDB/EasyDB.phpstub"/>
        <file name="tests/psalm/stubs/FastRoute/RouteCollector.phpstub"/>
    </stubs>

    <plugins>
        <plugin filename="tests/lib/Psalm/Plugin/ConcealedString/PreventConcealedStringMisuses.php"/>
        <plugin filename="tests/lib/Psalm/Plugin/NoWritableRESTRepresentation/DoNotAllowWritableRESTRepresentation.php"/>
        <pluginClass class="Psalm\PhpUnitPlugin\Plugin"/>
        <pluginClass class="Psl\Psalm\Plugin"/>
        <plugin filename="src/vendor/cuyz/valinor/qa/Psalm/Plugin/TreeMapperPsalmPlugin.php"/>
    </plugins>

    <issueHandlers>
        <DeprecatedProperty errorLevel="info" />
        <DeprecatedClass errorLevel="info" />
        <DeprecatedConstant errorLevel="info" />
        <DeprecatedInterface errorLevel="info" />
        <DeprecatedTrait errorLevel="info" />

        <PropertyNotSetInConstructor errorLevel="info" />
        <MissingConstructor errorLevel="info">
            <errorLevel type="suppress"> <!-- See https://github.com/psalm/psalm-plugin-phpunit/issues/107 -->
                <file name="src/vendor/phpunit/phpunit/src/Framework/TestCase.php"/>
                <directory name="plugins/*/tests/unit/"/>
                <directory name="tests/unit/"/>
            </errorLevel>
        </MissingConstructor>

        <RedundantCondition errorLevel="info" />

        <DocblockTypeContradiction errorLevel="info" />
        <RedundantConditionGivenDocblockType errorLevel="info" />

        <UnresolvableInclude errorLevel="info" />

        <!-- Unused code detection -->
        <UnusedMethodCall errorLevel="suppress" />
        <UnusedFunctionCall errorLevel="suppress" />
        <UnusedParam errorLevel="suppress" />
        <UnusedVariable errorLevel="suppress" />
        <InvalidCast errorLevel="suppress" />
        <UnusedClass errorLevel="suppress" />
        <UnnecessaryVarAnnotation errorLevel="suppress" />
        <PossiblyUnusedMethod errorLevel="suppress" />
        <UnusedMethod errorLevel="suppress" />
        <PossiblyUnusedProperty errorLevel="suppress" />
        <UnusedConstructor errorLevel="suppress" />
        <UnusedProperty>
            <errorLevel type="suppress">
                <file name="plugins/git/include/GitActions.class.php"/>
                <file name="plugins/tracker/include/Tracker/FormElement/SystemEvent/SystemEvent_BURNDOWN_DAILY.php"/>
            </errorLevel>
        </UnusedProperty>
        <UnusedReturnValue errorLevel="suppress" />
        <PossiblyUnusedReturnValue errorLevel="suppress" />
    </issueHandlers>
</psalm>
